<?xml version="1.0" encoding="UTF-8"?>
<testsuite name="com.bridgelabz.UserRegistrationTest" tests="22" skipped="0" failures="0" errors="0" timestamp="2020-06-19T03:46:05" hostname="CONSANGUINITY" time="0.019">
  <properties/>
  <testcase name="givenMobilenumber_whenCountryCodeIsGreaterThan3Digits_shouldReturnFalse[0]" classname="com.bridgelabz.UserRegistrationTest" time="0.001"/>
  <testcase name="givenMobilenumber_whenCountryCodeIsGreaterThan3Digits_shouldReturnFalse[1]" classname="com.bridgelabz.UserRegistrationTest" time="0.0"/>
  <testcase name="givenMobilenumber_whenCountryCodeIsGreaterThan3Digits_shouldReturnFalse[2]" classname="com.bridgelabz.UserRegistrationTest" time="0.0"/>
  <testcase name="givenMobilenumber_whenCountryCodeIsGreaterThan3Digits_shouldReturnFalse[3]" classname="com.bridgelabz.UserRegistrationTest" time="0.0"/>
  <testcase name="givenMobilenumber_whenCountryCodeIsGreaterThan3Digits_shouldReturnFalse[4]" classname="com.bridgelabz.UserRegistrationTest" time="0.001"/>
  <testcase name="givenMobilenumber_whenCountryCodeIsGreaterThan3Digits_shouldReturnFalse[5]" classname="com.bridgelabz.UserRegistrationTest" time="0.0"/>
  <testcase name="givenMobilenumber_whenCountryCodeIsGreaterThan3Digits_shouldReturnFalse[6]" classname="com.bridgelabz.UserRegistrationTest" time="0.0"/>
  <testcase name="givenMobilenumber_whenCountryCodeIsGreaterThan3Digits_shouldReturnFalse[7]" classname="com.bridgelabz.UserRegistrationTest" time="0.0"/>
  <testcase name="givenMobilenumber_whenCountryCodeIsGreaterThan3Digits_shouldReturnFalse[8]" classname="com.bridgelabz.UserRegistrationTest" time="0.001"/>
  <testcase name="givenMobilenumber_whenCountryCodeIsGreaterThan3Digits_shouldReturnFalse[9]" classname="com.bridgelabz.UserRegistrationTest" time="0.0"/>
  <testcase name="givenMobilenumber_whenCountryCodeIsGreaterThan3Digits_shouldReturnFalse[10]" classname="com.bridgelabz.UserRegistrationTest" time="0.0"/>
  <testcase name="givenMobilenumber_whenCountryCodeIsGreaterThan3Digits_shouldReturnFalse[11]" classname="com.bridgelabz.UserRegistrationTest" time="0.001"/>
  <testcase name="givenMobilenumber_whenCountryCodeIsGreaterThan3Digits_shouldReturnFalse[12]" classname="com.bridgelabz.UserRegistrationTest" time="0.0"/>
  <testcase name="givenMobilenumber_whenCountryCodeIsGreaterThan3Digits_shouldReturnFalse[13]" classname="com.bridgelabz.UserRegistrationTest" time="0.0"/>
  <testcase name="givenMobilenumber_whenCountryCodeIsGreaterThan3Digits_shouldReturnFalse[14]" classname="com.bridgelabz.UserRegistrationTest" time="0.0"/>
  <testcase name="givenMobilenumber_whenCountryCodeIsGreaterThan3Digits_shouldReturnFalse[15]" classname="com.bridgelabz.UserRegistrationTest" time="0.002"/>
  <testcase name="givenMobilenumber_whenCountryCodeIsGreaterThan3Digits_shouldReturnFalse[16]" classname="com.bridgelabz.UserRegistrationTest" time="0.0"/>
  <testcase name="givenMobilenumber_whenCountryCodeIsGreaterThan3Digits_shouldReturnFalse[17]" classname="com.bridgelabz.UserRegistrationTest" time="0.0"/>
  <testcase name="givenMobilenumber_whenCountryCodeIsGreaterThan3Digits_shouldReturnFalse[18]" classname="com.bridgelabz.UserRegistrationTest" time="0.0"/>
  <testcase name="givenMobilenumber_whenCountryCodeIsGreaterThan3Digits_shouldReturnFalse[19]" classname="com.bridgelabz.UserRegistrationTest" time="0.0"/>
  <testcase name="givenMobilenumber_whenCountryCodeIsGreaterThan3Digits_shouldReturnFalse[20]" classname="com.bridgelabz.UserRegistrationTest" time="0.0"/>
  <testcase name="givenMobilenumber_whenCountryCodeIsGreaterThan3Digits_shouldReturnFalse[21]" classname="com.bridgelabz.UserRegistrationTest" time="0.0"/>
  <system-out><![CDATA[]]></system-out>
  <system-err><![CDATA[]]></system-err>
</testsuite>
