<?xml version="1.0" encoding="UTF-8"?>
<testsuite name="com.bridgelabz.UserRegistrationTest" tests="286" skipped="0" failures="0" errors="0" timestamp="2020-06-19T03:07:33" hostname="CONSANGUINITY" time="0.352">
  <properties/>
  <testcase name="givenLastName_whenMatchesPattern_shouldReturnTrue[0]" classname="com.bridgelabz.UserRegistrationTest" time="0.001"/>
  <testcase name="givenLastName_whenStartsWithLoweCase_shouldReturnFalse[0]" classname="com.bridgelabz.UserRegistrationTest" time="0.0"/>
  <testcase name="givenFirstName_whenShort_shouldReturnFalse[0]" classname="com.bridgelabz.UserRegistrationTest" time="0.0"/>
  <testcase name="givenLastName_whenContainsCapsOtherThanStart_shouldReturnFalse[0]" classname="com.bridgelabz.UserRegistrationTest" time="0.001"/>
  <testcase name="givenLastName_whenContainsSpecialCharacters_shouldReturnFalse[0]" classname="com.bridgelabz.UserRegistrationTest" time="0.0"/>
  <testcase name="givenFirstName_whenContainsCapsOtherThanStart_shouldReturnFalse[0]" classname="com.bridgelabz.UserRegistrationTest" time="0.0"/>
  <testcase name="givenFirstName_matchesThePattern_shouldReturnTrue[0]" classname="com.bridgelabz.UserRegistrationTest" time="0.0"/>
  <testcase name="givenFirstName_whenStartNotInCAP_shouldReturnFalse[0]" classname="com.bridgelabz.UserRegistrationTest" time="0.0"/>
  <testcase name="givenEmail_shouldReturnResultAsExpected[0]" classname="com.bridgelabz.UserRegistrationTest" time="0.001"/>
  <testcase name="givenFirstName_whenContainsNumeric_shouldReturnFalse[0]" classname="com.bridgelabz.UserRegistrationTest" time="0.0"/>
  <testcase name="givenFirstName_whenContainsSpecialCharacters_shouldReturnFalse[0]" classname="com.bridgelabz.UserRegistrationTest" time="0.001"/>
  <testcase name="givenLastName_whenContainsNumerics_shouldReturnFalse[0]" classname="com.bridgelabz.UserRegistrationTest" time="0.0"/>
  <testcase name="givenLastName_whenShort_shouldReturnFalse[0]" classname="com.bridgelabz.UserRegistrationTest" time="0.0"/>
  <testcase name="givenLastName_whenMatchesPattern_shouldReturnTrue[1]" classname="com.bridgelabz.UserRegistrationTest" time="0.0"/>
  <testcase name="givenLastName_whenStartsWithLoweCase_shouldReturnFalse[1]" classname="com.bridgelabz.UserRegistrationTest" time="0.0"/>
  <testcase name="givenFirstName_whenShort_shouldReturnFalse[1]" classname="com.bridgelabz.UserRegistrationTest" time="0.0"/>
  <testcase name="givenLastName_whenContainsCapsOtherThanStart_shouldReturnFalse[1]" classname="com.bridgelabz.UserRegistrationTest" time="0.0"/>
  <testcase name="givenLastName_whenContainsSpecialCharacters_shouldReturnFalse[1]" classname="com.bridgelabz.UserRegistrationTest" time="0.0"/>
  <testcase name="givenFirstName_whenContainsCapsOtherThanStart_shouldReturnFalse[1]" classname="com.bridgelabz.UserRegistrationTest" time="0.0"/>
  <testcase name="givenFirstName_matchesThePattern_shouldReturnTrue[1]" classname="com.bridgelabz.UserRegistrationTest" time="0.0"/>
  <testcase name="givenFirstName_whenStartNotInCAP_shouldReturnFalse[1]" classname="com.bridgelabz.UserRegistrationTest" time="0.0"/>
  <testcase name="givenEmail_shouldReturnResultAsExpected[1]" classname="com.bridgelabz.UserRegistrationTest" time="0.001"/>
  <testcase name="givenFirstName_whenContainsNumeric_shouldReturnFalse[1]" classname="com.bridgelabz.UserRegistrationTest" time="0.0"/>
  <testcase name="givenFirstName_whenContainsSpecialCharacters_shouldReturnFalse[1]" classname="com.bridgelabz.UserRegistrationTest" time="0.0"/>
  <testcase name="givenLastName_whenContainsNumerics_shouldReturnFalse[1]" classname="com.bridgelabz.UserRegistrationTest" time="0.001"/>
  <testcase name="givenLastName_whenShort_shouldReturnFalse[1]" classname="com.bridgelabz.UserRegistrationTest" time="0.0"/>
  <testcase name="givenLastName_whenMatchesPattern_shouldReturnTrue[2]" classname="com.bridgelabz.UserRegistrationTest" time="0.001"/>
  <testcase name="givenLastName_whenStartsWithLoweCase_shouldReturnFalse[2]" classname="com.bridgelabz.UserRegistrationTest" time="0.0"/>
  <testcase name="givenFirstName_whenShort_shouldReturnFalse[2]" classname="com.bridgelabz.UserRegistrationTest" time="0.0"/>
  <testcase name="givenLastName_whenContainsCapsOtherThanStart_shouldReturnFalse[2]" classname="com.bridgelabz.UserRegistrationTest" time="0.0"/>
  <testcase name="givenLastName_whenContainsSpecialCharacters_shouldReturnFalse[2]" classname="com.bridgelabz.UserRegistrationTest" time="0.0"/>
  <testcase name="givenFirstName_whenContainsCapsOtherThanStart_shouldReturnFalse[2]" classname="com.bridgelabz.UserRegistrationTest" time="0.001"/>
  <testcase name="givenFirstName_matchesThePattern_shouldReturnTrue[2]" classname="com.bridgelabz.UserRegistrationTest" time="0.0"/>
  <testcase name="givenFirstName_whenStartNotInCAP_shouldReturnFalse[2]" classname="com.bridgelabz.UserRegistrationTest" time="0.0"/>
  <testcase name="givenEmail_shouldReturnResultAsExpected[2]" classname="com.bridgelabz.UserRegistrationTest" time="0.001"/>
  <testcase name="givenFirstName_whenContainsNumeric_shouldReturnFalse[2]" classname="com.bridgelabz.UserRegistrationTest" time="0.0"/>
  <testcase name="givenFirstName_whenContainsSpecialCharacters_shouldReturnFalse[2]" classname="com.bridgelabz.UserRegistrationTest" time="0.0"/>
  <testcase name="givenLastName_whenContainsNumerics_shouldReturnFalse[2]" classname="com.bridgelabz.UserRegistrationTest" time="0.0"/>
  <testcase name="givenLastName_whenShort_shouldReturnFalse[2]" classname="com.bridgelabz.UserRegistrationTest" time="0.0"/>
  <testcase name="givenLastName_whenMatchesPattern_shouldReturnTrue[3]" classname="com.bridgelabz.UserRegistrationTest" time="0.0"/>
  <testcase name="givenLastName_whenStartsWithLoweCase_shouldReturnFalse[3]" classname="com.bridgelabz.UserRegistrationTest" time="0.0"/>
  <testcase name="givenFirstName_whenShort_shouldReturnFalse[3]" classname="com.bridgelabz.UserRegistrationTest" time="0.0"/>
  <testcase name="givenLastName_whenContainsCapsOtherThanStart_shouldReturnFalse[3]" classname="com.bridgelabz.UserRegistrationTest" time="0.0"/>
  <testcase name="givenLastName_whenContainsSpecialCharacters_shouldReturnFalse[3]" classname="com.bridgelabz.UserRegistrationTest" time="0.0"/>
  <testcase name="givenFirstName_whenContainsCapsOtherThanStart_shouldReturnFalse[3]" classname="com.bridgelabz.UserRegistrationTest" time="0.0"/>
  <testcase name="givenFirstName_matchesThePattern_shouldReturnTrue[3]" classname="com.bridgelabz.UserRegistrationTest" time="0.011"/>
  <testcase name="givenFirstName_whenStartNotInCAP_shouldReturnFalse[3]" classname="com.bridgelabz.UserRegistrationTest" time="0.007"/>
  <testcase name="givenEmail_shouldReturnResultAsExpected[3]" classname="com.bridgelabz.UserRegistrationTest" time="0.001"/>
  <testcase name="givenFirstName_whenContainsNumeric_shouldReturnFalse[3]" classname="com.bridgelabz.UserRegistrationTest" time="0.0"/>
  <testcase name="givenFirstName_whenContainsSpecialCharacters_shouldReturnFalse[3]" classname="com.bridgelabz.UserRegistrationTest" time="0.0"/>
  <testcase name="givenLastName_whenContainsNumerics_shouldReturnFalse[3]" classname="com.bridgelabz.UserRegistrationTest" time="0.001"/>
  <testcase name="givenLastName_whenShort_shouldReturnFalse[3]" classname="com.bridgelabz.UserRegistrationTest" time="0.0"/>
  <testcase name="givenLastName_whenMatchesPattern_shouldReturnTrue[4]" classname="com.bridgelabz.UserRegistrationTest" time="0.001"/>
  <testcase name="givenLastName_whenStartsWithLoweCase_shouldReturnFalse[4]" classname="com.bridgelabz.UserRegistrationTest" time="0.004"/>
  <testcase name="givenFirstName_whenShort_shouldReturnFalse[4]" classname="com.bridgelabz.UserRegistrationTest" time="0.001"/>
  <testcase name="givenLastName_whenContainsCapsOtherThanStart_shouldReturnFalse[4]" classname="com.bridgelabz.UserRegistrationTest" time="0.001"/>
  <testcase name="givenLastName_whenContainsSpecialCharacters_shouldReturnFalse[4]" classname="com.bridgelabz.UserRegistrationTest" time="0.0"/>
  <testcase name="givenFirstName_whenContainsCapsOtherThanStart_shouldReturnFalse[4]" classname="com.bridgelabz.UserRegistrationTest" time="0.002"/>
  <testcase name="givenFirstName_matchesThePattern_shouldReturnTrue[4]" classname="com.bridgelabz.UserRegistrationTest" time="0.001"/>
  <testcase name="givenFirstName_whenStartNotInCAP_shouldReturnFalse[4]" classname="com.bridgelabz.UserRegistrationTest" time="0.002"/>
  <testcase name="givenEmail_shouldReturnResultAsExpected[4]" classname="com.bridgelabz.UserRegistrationTest" time="0.003"/>
  <testcase name="givenFirstName_whenContainsNumeric_shouldReturnFalse[4]" classname="com.bridgelabz.UserRegistrationTest" time="0.003"/>
  <testcase name="givenFirstName_whenContainsSpecialCharacters_shouldReturnFalse[4]" classname="com.bridgelabz.UserRegistrationTest" time="0.001"/>
  <testcase name="givenLastName_whenContainsNumerics_shouldReturnFalse[4]" classname="com.bridgelabz.UserRegistrationTest" time="0.001"/>
  <testcase name="givenLastName_whenShort_shouldReturnFalse[4]" classname="com.bridgelabz.UserRegistrationTest" time="0.0"/>
  <testcase name="givenLastName_whenMatchesPattern_shouldReturnTrue[5]" classname="com.bridgelabz.UserRegistrationTest" time="0.0"/>
  <testcase name="givenLastName_whenStartsWithLoweCase_shouldReturnFalse[5]" classname="com.bridgelabz.UserRegistrationTest" time="0.0"/>
  <testcase name="givenFirstName_whenShort_shouldReturnFalse[5]" classname="com.bridgelabz.UserRegistrationTest" time="0.0"/>
  <testcase name="givenLastName_whenContainsCapsOtherThanStart_shouldReturnFalse[5]" classname="com.bridgelabz.UserRegistrationTest" time="0.002"/>
  <testcase name="givenLastName_whenContainsSpecialCharacters_shouldReturnFalse[5]" classname="com.bridgelabz.UserRegistrationTest" time="0.001"/>
  <testcase name="givenFirstName_whenContainsCapsOtherThanStart_shouldReturnFalse[5]" classname="com.bridgelabz.UserRegistrationTest" time="0.0"/>
  <testcase name="givenFirstName_matchesThePattern_shouldReturnTrue[5]" classname="com.bridgelabz.UserRegistrationTest" time="0.0"/>
  <testcase name="givenFirstName_whenStartNotInCAP_shouldReturnFalse[5]" classname="com.bridgelabz.UserRegistrationTest" time="0.001"/>
  <testcase name="givenEmail_shouldReturnResultAsExpected[5]" classname="com.bridgelabz.UserRegistrationTest" time="0.001"/>
  <testcase name="givenFirstName_whenContainsNumeric_shouldReturnFalse[5]" classname="com.bridgelabz.UserRegistrationTest" time="0.0"/>
  <testcase name="givenFirstName_whenContainsSpecialCharacters_shouldReturnFalse[5]" classname="com.bridgelabz.UserRegistrationTest" time="0.0"/>
  <testcase name="givenLastName_whenContainsNumerics_shouldReturnFalse[5]" classname="com.bridgelabz.UserRegistrationTest" time="0.001"/>
  <testcase name="givenLastName_whenShort_shouldReturnFalse[5]" classname="com.bridgelabz.UserRegistrationTest" time="0.001"/>
  <testcase name="givenLastName_whenMatchesPattern_shouldReturnTrue[6]" classname="com.bridgelabz.UserRegistrationTest" time="0.002"/>
  <testcase name="givenLastName_whenStartsWithLoweCase_shouldReturnFalse[6]" classname="com.bridgelabz.UserRegistrationTest" time="0.0"/>
  <testcase name="givenFirstName_whenShort_shouldReturnFalse[6]" classname="com.bridgelabz.UserRegistrationTest" time="0.004"/>
  <testcase name="givenLastName_whenContainsCapsOtherThanStart_shouldReturnFalse[6]" classname="com.bridgelabz.UserRegistrationTest" time="0.0"/>
  <testcase name="givenLastName_whenContainsSpecialCharacters_shouldReturnFalse[6]" classname="com.bridgelabz.UserRegistrationTest" time="0.0"/>
  <testcase name="givenFirstName_whenContainsCapsOtherThanStart_shouldReturnFalse[6]" classname="com.bridgelabz.UserRegistrationTest" time="0.0"/>
  <testcase name="givenFirstName_matchesThePattern_shouldReturnTrue[6]" classname="com.bridgelabz.UserRegistrationTest" time="0.008"/>
  <testcase name="givenFirstName_whenStartNotInCAP_shouldReturnFalse[6]" classname="com.bridgelabz.UserRegistrationTest" time="0.001"/>
  <testcase name="givenEmail_shouldReturnResultAsExpected[6]" classname="com.bridgelabz.UserRegistrationTest" time="0.0"/>
  <testcase name="givenFirstName_whenContainsNumeric_shouldReturnFalse[6]" classname="com.bridgelabz.UserRegistrationTest" time="0.001"/>
  <testcase name="givenFirstName_whenContainsSpecialCharacters_shouldReturnFalse[6]" classname="com.bridgelabz.UserRegistrationTest" time="0.0"/>
  <testcase name="givenLastName_whenContainsNumerics_shouldReturnFalse[6]" classname="com.bridgelabz.UserRegistrationTest" time="0.0"/>
  <testcase name="givenLastName_whenShort_shouldReturnFalse[6]" classname="com.bridgelabz.UserRegistrationTest" time="0.0"/>
  <testcase name="givenLastName_whenMatchesPattern_shouldReturnTrue[7]" classname="com.bridgelabz.UserRegistrationTest" time="0.0"/>
  <testcase name="givenLastName_whenStartsWithLoweCase_shouldReturnFalse[7]" classname="com.bridgelabz.UserRegistrationTest" time="0.001"/>
  <testcase name="givenFirstName_whenShort_shouldReturnFalse[7]" classname="com.bridgelabz.UserRegistrationTest" time="0.001"/>
  <testcase name="givenLastName_whenContainsCapsOtherThanStart_shouldReturnFalse[7]" classname="com.bridgelabz.UserRegistrationTest" time="0.0"/>
  <testcase name="givenLastName_whenContainsSpecialCharacters_shouldReturnFalse[7]" classname="com.bridgelabz.UserRegistrationTest" time="0.0"/>
  <testcase name="givenFirstName_whenContainsCapsOtherThanStart_shouldReturnFalse[7]" classname="com.bridgelabz.UserRegistrationTest" time="0.001"/>
  <testcase name="givenFirstName_matchesThePattern_shouldReturnTrue[7]" classname="com.bridgelabz.UserRegistrationTest" time="0.003"/>
  <testcase name="givenFirstName_whenStartNotInCAP_shouldReturnFalse[7]" classname="com.bridgelabz.UserRegistrationTest" time="0.001"/>
  <testcase name="givenEmail_shouldReturnResultAsExpected[7]" classname="com.bridgelabz.UserRegistrationTest" time="0.0"/>
  <testcase name="givenFirstName_whenContainsNumeric_shouldReturnFalse[7]" classname="com.bridgelabz.UserRegistrationTest" time="0.0"/>
  <testcase name="givenFirstName_whenContainsSpecialCharacters_shouldReturnFalse[7]" classname="com.bridgelabz.UserRegistrationTest" time="0.0"/>
  <testcase name="givenLastName_whenContainsNumerics_shouldReturnFalse[7]" classname="com.bridgelabz.UserRegistrationTest" time="0.001"/>
  <testcase name="givenLastName_whenShort_shouldReturnFalse[7]" classname="com.bridgelabz.UserRegistrationTest" time="0.001"/>
  <testcase name="givenLastName_whenMatchesPattern_shouldReturnTrue[8]" classname="com.bridgelabz.UserRegistrationTest" time="0.0"/>
  <testcase name="givenLastName_whenStartsWithLoweCase_shouldReturnFalse[8]" classname="com.bridgelabz.UserRegistrationTest" time="0.001"/>
  <testcase name="givenFirstName_whenShort_shouldReturnFalse[8]" classname="com.bridgelabz.UserRegistrationTest" time="0.0"/>
  <testcase name="givenLastName_whenContainsCapsOtherThanStart_shouldReturnFalse[8]" classname="com.bridgelabz.UserRegistrationTest" time="0.001"/>
  <testcase name="givenLastName_whenContainsSpecialCharacters_shouldReturnFalse[8]" classname="com.bridgelabz.UserRegistrationTest" time="0.001"/>
  <testcase name="givenFirstName_whenContainsCapsOtherThanStart_shouldReturnFalse[8]" classname="com.bridgelabz.UserRegistrationTest" time="0.002"/>
  <testcase name="givenFirstName_matchesThePattern_shouldReturnTrue[8]" classname="com.bridgelabz.UserRegistrationTest" time="0.0"/>
  <testcase name="givenFirstName_whenStartNotInCAP_shouldReturnFalse[8]" classname="com.bridgelabz.UserRegistrationTest" time="0.0"/>
  <testcase name="givenEmail_shouldReturnResultAsExpected[8]" classname="com.bridgelabz.UserRegistrationTest" time="0.001"/>
  <testcase name="givenFirstName_whenContainsNumeric_shouldReturnFalse[8]" classname="com.bridgelabz.UserRegistrationTest" time="0.002"/>
  <testcase name="givenFirstName_whenContainsSpecialCharacters_shouldReturnFalse[8]" classname="com.bridgelabz.UserRegistrationTest" time="0.001"/>
  <testcase name="givenLastName_whenContainsNumerics_shouldReturnFalse[8]" classname="com.bridgelabz.UserRegistrationTest" time="0.001"/>
  <testcase name="givenLastName_whenShort_shouldReturnFalse[8]" classname="com.bridgelabz.UserRegistrationTest" time="0.0"/>
  <testcase name="givenLastName_whenMatchesPattern_shouldReturnTrue[9]" classname="com.bridgelabz.UserRegistrationTest" time="0.0"/>
  <testcase name="givenLastName_whenStartsWithLoweCase_shouldReturnFalse[9]" classname="com.bridgelabz.UserRegistrationTest" time="0.001"/>
  <testcase name="givenFirstName_whenShort_shouldReturnFalse[9]" classname="com.bridgelabz.UserRegistrationTest" time="0.0"/>
  <testcase name="givenLastName_whenContainsCapsOtherThanStart_shouldReturnFalse[9]" classname="com.bridgelabz.UserRegistrationTest" time="0.0"/>
  <testcase name="givenLastName_whenContainsSpecialCharacters_shouldReturnFalse[9]" classname="com.bridgelabz.UserRegistrationTest" time="0.001"/>
  <testcase name="givenFirstName_whenContainsCapsOtherThanStart_shouldReturnFalse[9]" classname="com.bridgelabz.UserRegistrationTest" time="0.0"/>
  <testcase name="givenFirstName_matchesThePattern_shouldReturnTrue[9]" classname="com.bridgelabz.UserRegistrationTest" time="0.001"/>
  <testcase name="givenFirstName_whenStartNotInCAP_shouldReturnFalse[9]" classname="com.bridgelabz.UserRegistrationTest" time="0.0"/>
  <testcase name="givenEmail_shouldReturnResultAsExpected[9]" classname="com.bridgelabz.UserRegistrationTest" time="0.0"/>
  <testcase name="givenFirstName_whenContainsNumeric_shouldReturnFalse[9]" classname="com.bridgelabz.UserRegistrationTest" time="0.0"/>
  <testcase name="givenFirstName_whenContainsSpecialCharacters_shouldReturnFalse[9]" classname="com.bridgelabz.UserRegistrationTest" time="0.0"/>
  <testcase name="givenLastName_whenContainsNumerics_shouldReturnFalse[9]" classname="com.bridgelabz.UserRegistrationTest" time="0.0"/>
  <testcase name="givenLastName_whenShort_shouldReturnFalse[9]" classname="com.bridgelabz.UserRegistrationTest" time="0.001"/>
  <testcase name="givenLastName_whenMatchesPattern_shouldReturnTrue[10]" classname="com.bridgelabz.UserRegistrationTest" time="0.0"/>
  <testcase name="givenLastName_whenStartsWithLoweCase_shouldReturnFalse[10]" classname="com.bridgelabz.UserRegistrationTest" time="0.0"/>
  <testcase name="givenFirstName_whenShort_shouldReturnFalse[10]" classname="com.bridgelabz.UserRegistrationTest" time="0.0"/>
  <testcase name="givenLastName_whenContainsCapsOtherThanStart_shouldReturnFalse[10]" classname="com.bridgelabz.UserRegistrationTest" time="0.001"/>
  <testcase name="givenLastName_whenContainsSpecialCharacters_shouldReturnFalse[10]" classname="com.bridgelabz.UserRegistrationTest" time="0.0"/>
  <testcase name="givenFirstName_whenContainsCapsOtherThanStart_shouldReturnFalse[10]" classname="com.bridgelabz.UserRegistrationTest" time="0.0"/>
  <testcase name="givenFirstName_matchesThePattern_shouldReturnTrue[10]" classname="com.bridgelabz.UserRegistrationTest" time="0.0"/>
  <testcase name="givenFirstName_whenStartNotInCAP_shouldReturnFalse[10]" classname="com.bridgelabz.UserRegistrationTest" time="0.0"/>
  <testcase name="givenEmail_shouldReturnResultAsExpected[10]" classname="com.bridgelabz.UserRegistrationTest" time="0.001"/>
  <testcase name="givenFirstName_whenContainsNumeric_shouldReturnFalse[10]" classname="com.bridgelabz.UserRegistrationTest" time="0.0"/>
  <testcase name="givenFirstName_whenContainsSpecialCharacters_shouldReturnFalse[10]" classname="com.bridgelabz.UserRegistrationTest" time="0.0"/>
  <testcase name="givenLastName_whenContainsNumerics_shouldReturnFalse[10]" classname="com.bridgelabz.UserRegistrationTest" time="0.001"/>
  <testcase name="givenLastName_whenShort_shouldReturnFalse[10]" classname="com.bridgelabz.UserRegistrationTest" time="0.0"/>
  <testcase name="givenLastName_whenMatchesPattern_shouldReturnTrue[11]" classname="com.bridgelabz.UserRegistrationTest" time="0.0"/>
  <testcase name="givenLastName_whenStartsWithLoweCase_shouldReturnFalse[11]" classname="com.bridgelabz.UserRegistrationTest" time="0.0"/>
  <testcase name="givenFirstName_whenShort_shouldReturnFalse[11]" classname="com.bridgelabz.UserRegistrationTest" time="0.0"/>
  <testcase name="givenLastName_whenContainsCapsOtherThanStart_shouldReturnFalse[11]" classname="com.bridgelabz.UserRegistrationTest" time="0.0"/>
  <testcase name="givenLastName_whenContainsSpecialCharacters_shouldReturnFalse[11]" classname="com.bridgelabz.UserRegistrationTest" time="0.0"/>
  <testcase name="givenFirstName_whenContainsCapsOtherThanStart_shouldReturnFalse[11]" classname="com.bridgelabz.UserRegistrationTest" time="0.0"/>
  <testcase name="givenFirstName_matchesThePattern_shouldReturnTrue[11]" classname="com.bridgelabz.UserRegistrationTest" time="0.0"/>
  <testcase name="givenFirstName_whenStartNotInCAP_shouldReturnFalse[11]" classname="com.bridgelabz.UserRegistrationTest" time="0.001"/>
  <testcase name="givenEmail_shouldReturnResultAsExpected[11]" classname="com.bridgelabz.UserRegistrationTest" time="0.001"/>
  <testcase name="givenFirstName_whenContainsNumeric_shouldReturnFalse[11]" classname="com.bridgelabz.UserRegistrationTest" time="0.0"/>
  <testcase name="givenFirstName_whenContainsSpecialCharacters_shouldReturnFalse[11]" classname="com.bridgelabz.UserRegistrationTest" time="0.001"/>
  <testcase name="givenLastName_whenContainsNumerics_shouldReturnFalse[11]" classname="com.bridgelabz.UserRegistrationTest" time="0.0"/>
  <testcase name="givenLastName_whenShort_shouldReturnFalse[11]" classname="com.bridgelabz.UserRegistrationTest" time="0.0"/>
  <testcase name="givenLastName_whenMatchesPattern_shouldReturnTrue[12]" classname="com.bridgelabz.UserRegistrationTest" time="0.0"/>
  <testcase name="givenLastName_whenStartsWithLoweCase_shouldReturnFalse[12]" classname="com.bridgelabz.UserRegistrationTest" time="0.001"/>
  <testcase name="givenFirstName_whenShort_shouldReturnFalse[12]" classname="com.bridgelabz.UserRegistrationTest" time="0.0"/>
  <testcase name="givenLastName_whenContainsCapsOtherThanStart_shouldReturnFalse[12]" classname="com.bridgelabz.UserRegistrationTest" time="0.0"/>
  <testcase name="givenLastName_whenContainsSpecialCharacters_shouldReturnFalse[12]" classname="com.bridgelabz.UserRegistrationTest" time="0.0"/>
  <testcase name="givenFirstName_whenContainsCapsOtherThanStart_shouldReturnFalse[12]" classname="com.bridgelabz.UserRegistrationTest" time="0.0"/>
  <testcase name="givenFirstName_matchesThePattern_shouldReturnTrue[12]" classname="com.bridgelabz.UserRegistrationTest" time="0.0"/>
  <testcase name="givenFirstName_whenStartNotInCAP_shouldReturnFalse[12]" classname="com.bridgelabz.UserRegistrationTest" time="0.0"/>
  <testcase name="givenEmail_shouldReturnResultAsExpected[12]" classname="com.bridgelabz.UserRegistrationTest" time="0.0"/>
  <testcase name="givenFirstName_whenContainsNumeric_shouldReturnFalse[12]" classname="com.bridgelabz.UserRegistrationTest" time="0.0"/>
  <testcase name="givenFirstName_whenContainsSpecialCharacters_shouldReturnFalse[12]" classname="com.bridgelabz.UserRegistrationTest" time="0.001"/>
  <testcase name="givenLastName_whenContainsNumerics_shouldReturnFalse[12]" classname="com.bridgelabz.UserRegistrationTest" time="0.001"/>
  <testcase name="givenLastName_whenShort_shouldReturnFalse[12]" classname="com.bridgelabz.UserRegistrationTest" time="0.0"/>
  <testcase name="givenLastName_whenMatchesPattern_shouldReturnTrue[13]" classname="com.bridgelabz.UserRegistrationTest" time="0.0"/>
  <testcase name="givenLastName_whenStartsWithLoweCase_shouldReturnFalse[13]" classname="com.bridgelabz.UserRegistrationTest" time="0.0"/>
  <testcase name="givenFirstName_whenShort_shouldReturnFalse[13]" classname="com.bridgelabz.UserRegistrationTest" time="0.0"/>
  <testcase name="givenLastName_whenContainsCapsOtherThanStart_shouldReturnFalse[13]" classname="com.bridgelabz.UserRegistrationTest" time="0.0"/>
  <testcase name="givenLastName_whenContainsSpecialCharacters_shouldReturnFalse[13]" classname="com.bridgelabz.UserRegistrationTest" time="0.0"/>
  <testcase name="givenFirstName_whenContainsCapsOtherThanStart_shouldReturnFalse[13]" classname="com.bridgelabz.UserRegistrationTest" time="0.0"/>
  <testcase name="givenFirstName_matchesThePattern_shouldReturnTrue[13]" classname="com.bridgelabz.UserRegistrationTest" time="0.0"/>
  <testcase name="givenFirstName_whenStartNotInCAP_shouldReturnFalse[13]" classname="com.bridgelabz.UserRegistrationTest" time="0.0"/>
  <testcase name="givenEmail_shouldReturnResultAsExpected[13]" classname="com.bridgelabz.UserRegistrationTest" time="0.0"/>
  <testcase name="givenFirstName_whenContainsNumeric_shouldReturnFalse[13]" classname="com.bridgelabz.UserRegistrationTest" time="0.001"/>
  <testcase name="givenFirstName_whenContainsSpecialCharacters_shouldReturnFalse[13]" classname="com.bridgelabz.UserRegistrationTest" time="0.0"/>
  <testcase name="givenLastName_whenContainsNumerics_shouldReturnFalse[13]" classname="com.bridgelabz.UserRegistrationTest" time="0.0"/>
  <testcase name="givenLastName_whenShort_shouldReturnFalse[13]" classname="com.bridgelabz.UserRegistrationTest" time="0.0"/>
  <testcase name="givenLastName_whenMatchesPattern_shouldReturnTrue[14]" classname="com.bridgelabz.UserRegistrationTest" time="0.001"/>
  <testcase name="givenLastName_whenStartsWithLoweCase_shouldReturnFalse[14]" classname="com.bridgelabz.UserRegistrationTest" time="0.0"/>
  <testcase name="givenFirstName_whenShort_shouldReturnFalse[14]" classname="com.bridgelabz.UserRegistrationTest" time="0.0"/>
  <testcase name="givenLastName_whenContainsCapsOtherThanStart_shouldReturnFalse[14]" classname="com.bridgelabz.UserRegistrationTest" time="0.0"/>
  <testcase name="givenLastName_whenContainsSpecialCharacters_shouldReturnFalse[14]" classname="com.bridgelabz.UserRegistrationTest" time="0.001"/>
  <testcase name="givenFirstName_whenContainsCapsOtherThanStart_shouldReturnFalse[14]" classname="com.bridgelabz.UserRegistrationTest" time="0.005"/>
  <testcase name="givenFirstName_matchesThePattern_shouldReturnTrue[14]" classname="com.bridgelabz.UserRegistrationTest" time="0.0"/>
  <testcase name="givenFirstName_whenStartNotInCAP_shouldReturnFalse[14]" classname="com.bridgelabz.UserRegistrationTest" time="0.0"/>
  <testcase name="givenEmail_shouldReturnResultAsExpected[14]" classname="com.bridgelabz.UserRegistrationTest" time="0.0"/>
  <testcase name="givenFirstName_whenContainsNumeric_shouldReturnFalse[14]" classname="com.bridgelabz.UserRegistrationTest" time="0.0"/>
  <testcase name="givenFirstName_whenContainsSpecialCharacters_shouldReturnFalse[14]" classname="com.bridgelabz.UserRegistrationTest" time="0.0"/>
  <testcase name="givenLastName_whenContainsNumerics_shouldReturnFalse[14]" classname="com.bridgelabz.UserRegistrationTest" time="0.0"/>
  <testcase name="givenLastName_whenShort_shouldReturnFalse[14]" classname="com.bridgelabz.UserRegistrationTest" time="0.0"/>
  <testcase name="givenLastName_whenMatchesPattern_shouldReturnTrue[15]" classname="com.bridgelabz.UserRegistrationTest" time="0.001"/>
  <testcase name="givenLastName_whenStartsWithLoweCase_shouldReturnFalse[15]" classname="com.bridgelabz.UserRegistrationTest" time="0.001"/>
  <testcase name="givenFirstName_whenShort_shouldReturnFalse[15]" classname="com.bridgelabz.UserRegistrationTest" time="0.001"/>
  <testcase name="givenLastName_whenContainsCapsOtherThanStart_shouldReturnFalse[15]" classname="com.bridgelabz.UserRegistrationTest" time="0.001"/>
  <testcase name="givenLastName_whenContainsSpecialCharacters_shouldReturnFalse[15]" classname="com.bridgelabz.UserRegistrationTest" time="0.001"/>
  <testcase name="givenFirstName_whenContainsCapsOtherThanStart_shouldReturnFalse[15]" classname="com.bridgelabz.UserRegistrationTest" time="0.002"/>
  <testcase name="givenFirstName_matchesThePattern_shouldReturnTrue[15]" classname="com.bridgelabz.UserRegistrationTest" time="0.0"/>
  <testcase name="givenFirstName_whenStartNotInCAP_shouldReturnFalse[15]" classname="com.bridgelabz.UserRegistrationTest" time="0.001"/>
  <testcase name="givenEmail_shouldReturnResultAsExpected[15]" classname="com.bridgelabz.UserRegistrationTest" time="0.001"/>
  <testcase name="givenFirstName_whenContainsNumeric_shouldReturnFalse[15]" classname="com.bridgelabz.UserRegistrationTest" time="0.001"/>
  <testcase name="givenFirstName_whenContainsSpecialCharacters_shouldReturnFalse[15]" classname="com.bridgelabz.UserRegistrationTest" time="0.001"/>
  <testcase name="givenLastName_whenContainsNumerics_shouldReturnFalse[15]" classname="com.bridgelabz.UserRegistrationTest" time="0.001"/>
  <testcase name="givenLastName_whenShort_shouldReturnFalse[15]" classname="com.bridgelabz.UserRegistrationTest" time="0.001"/>
  <testcase name="givenLastName_whenMatchesPattern_shouldReturnTrue[16]" classname="com.bridgelabz.UserRegistrationTest" time="0.002"/>
  <testcase name="givenLastName_whenStartsWithLoweCase_shouldReturnFalse[16]" classname="com.bridgelabz.UserRegistrationTest" time="0.0"/>
  <testcase name="givenFirstName_whenShort_shouldReturnFalse[16]" classname="com.bridgelabz.UserRegistrationTest" time="0.0"/>
  <testcase name="givenLastName_whenContainsCapsOtherThanStart_shouldReturnFalse[16]" classname="com.bridgelabz.UserRegistrationTest" time="0.001"/>
  <testcase name="givenLastName_whenContainsSpecialCharacters_shouldReturnFalse[16]" classname="com.bridgelabz.UserRegistrationTest" time="0.004"/>
  <testcase name="givenFirstName_whenContainsCapsOtherThanStart_shouldReturnFalse[16]" classname="com.bridgelabz.UserRegistrationTest" time="0.001"/>
  <testcase name="givenFirstName_matchesThePattern_shouldReturnTrue[16]" classname="com.bridgelabz.UserRegistrationTest" time="0.0"/>
  <testcase name="givenFirstName_whenStartNotInCAP_shouldReturnFalse[16]" classname="com.bridgelabz.UserRegistrationTest" time="0.0"/>
  <testcase name="givenEmail_shouldReturnResultAsExpected[16]" classname="com.bridgelabz.UserRegistrationTest" time="0.001"/>
  <testcase name="givenFirstName_whenContainsNumeric_shouldReturnFalse[16]" classname="com.bridgelabz.UserRegistrationTest" time="0.0"/>
  <testcase name="givenFirstName_whenContainsSpecialCharacters_shouldReturnFalse[16]" classname="com.bridgelabz.UserRegistrationTest" time="0.0"/>
  <testcase name="givenLastName_whenContainsNumerics_shouldReturnFalse[16]" classname="com.bridgelabz.UserRegistrationTest" time="0.0"/>
  <testcase name="givenLastName_whenShort_shouldReturnFalse[16]" classname="com.bridgelabz.UserRegistrationTest" time="0.0"/>
  <testcase name="givenLastName_whenMatchesPattern_shouldReturnTrue[17]" classname="com.bridgelabz.UserRegistrationTest" time="0.0"/>
  <testcase name="givenLastName_whenStartsWithLoweCase_shouldReturnFalse[17]" classname="com.bridgelabz.UserRegistrationTest" time="0.0"/>
  <testcase name="givenFirstName_whenShort_shouldReturnFalse[17]" classname="com.bridgelabz.UserRegistrationTest" time="0.0"/>
  <testcase name="givenLastName_whenContainsCapsOtherThanStart_shouldReturnFalse[17]" classname="com.bridgelabz.UserRegistrationTest" time="0.0"/>
  <testcase name="givenLastName_whenContainsSpecialCharacters_shouldReturnFalse[17]" classname="com.bridgelabz.UserRegistrationTest" time="0.001"/>
  <testcase name="givenFirstName_whenContainsCapsOtherThanStart_shouldReturnFalse[17]" classname="com.bridgelabz.UserRegistrationTest" time="0.001"/>
  <testcase name="givenFirstName_matchesThePattern_shouldReturnTrue[17]" classname="com.bridgelabz.UserRegistrationTest" time="0.0"/>
  <testcase name="givenFirstName_whenStartNotInCAP_shouldReturnFalse[17]" classname="com.bridgelabz.UserRegistrationTest" time="0.0"/>
  <testcase name="givenEmail_shouldReturnResultAsExpected[17]" classname="com.bridgelabz.UserRegistrationTest" time="0.001"/>
  <testcase name="givenFirstName_whenContainsNumeric_shouldReturnFalse[17]" classname="com.bridgelabz.UserRegistrationTest" time="0.001"/>
  <testcase name="givenFirstName_whenContainsSpecialCharacters_shouldReturnFalse[17]" classname="com.bridgelabz.UserRegistrationTest" time="0.0"/>
  <testcase name="givenLastName_whenContainsNumerics_shouldReturnFalse[17]" classname="com.bridgelabz.UserRegistrationTest" time="0.0"/>
  <testcase name="givenLastName_whenShort_shouldReturnFalse[17]" classname="com.bridgelabz.UserRegistrationTest" time="0.0"/>
  <testcase name="givenLastName_whenMatchesPattern_shouldReturnTrue[18]" classname="com.bridgelabz.UserRegistrationTest" time="0.0"/>
  <testcase name="givenLastName_whenStartsWithLoweCase_shouldReturnFalse[18]" classname="com.bridgelabz.UserRegistrationTest" time="0.0"/>
  <testcase name="givenFirstName_whenShort_shouldReturnFalse[18]" classname="com.bridgelabz.UserRegistrationTest" time="0.001"/>
  <testcase name="givenLastName_whenContainsCapsOtherThanStart_shouldReturnFalse[18]" classname="com.bridgelabz.UserRegistrationTest" time="0.0"/>
  <testcase name="givenLastName_whenContainsSpecialCharacters_shouldReturnFalse[18]" classname="com.bridgelabz.UserRegistrationTest" time="0.0"/>
  <testcase name="givenFirstName_whenContainsCapsOtherThanStart_shouldReturnFalse[18]" classname="com.bridgelabz.UserRegistrationTest" time="0.0"/>
  <testcase name="givenFirstName_matchesThePattern_shouldReturnTrue[18]" classname="com.bridgelabz.UserRegistrationTest" time="0.0"/>
  <testcase name="givenFirstName_whenStartNotInCAP_shouldReturnFalse[18]" classname="com.bridgelabz.UserRegistrationTest" time="0.001"/>
  <testcase name="givenEmail_shouldReturnResultAsExpected[18]" classname="com.bridgelabz.UserRegistrationTest" time="0.001"/>
  <testcase name="givenFirstName_whenContainsNumeric_shouldReturnFalse[18]" classname="com.bridgelabz.UserRegistrationTest" time="0.0"/>
  <testcase name="givenFirstName_whenContainsSpecialCharacters_shouldReturnFalse[18]" classname="com.bridgelabz.UserRegistrationTest" time="0.0"/>
  <testcase name="givenLastName_whenContainsNumerics_shouldReturnFalse[18]" classname="com.bridgelabz.UserRegistrationTest" time="0.0"/>
  <testcase name="givenLastName_whenShort_shouldReturnFalse[18]" classname="com.bridgelabz.UserRegistrationTest" time="0.0"/>
  <testcase name="givenLastName_whenMatchesPattern_shouldReturnTrue[19]" classname="com.bridgelabz.UserRegistrationTest" time="0.001"/>
  <testcase name="givenLastName_whenStartsWithLoweCase_shouldReturnFalse[19]" classname="com.bridgelabz.UserRegistrationTest" time="0.0"/>
  <testcase name="givenFirstName_whenShort_shouldReturnFalse[19]" classname="com.bridgelabz.UserRegistrationTest" time="0.0"/>
  <testcase name="givenLastName_whenContainsCapsOtherThanStart_shouldReturnFalse[19]" classname="com.bridgelabz.UserRegistrationTest" time="0.0"/>
  <testcase name="givenLastName_whenContainsSpecialCharacters_shouldReturnFalse[19]" classname="com.bridgelabz.UserRegistrationTest" time="0.001"/>
  <testcase name="givenFirstName_whenContainsCapsOtherThanStart_shouldReturnFalse[19]" classname="com.bridgelabz.UserRegistrationTest" time="0.001"/>
  <testcase name="givenFirstName_matchesThePattern_shouldReturnTrue[19]" classname="com.bridgelabz.UserRegistrationTest" time="0.0"/>
  <testcase name="givenFirstName_whenStartNotInCAP_shouldReturnFalse[19]" classname="com.bridgelabz.UserRegistrationTest" time="0.0"/>
  <testcase name="givenEmail_shouldReturnResultAsExpected[19]" classname="com.bridgelabz.UserRegistrationTest" time="0.0"/>
  <testcase name="givenFirstName_whenContainsNumeric_shouldReturnFalse[19]" classname="com.bridgelabz.UserRegistrationTest" time="0.0"/>
  <testcase name="givenFirstName_whenContainsSpecialCharacters_shouldReturnFalse[19]" classname="com.bridgelabz.UserRegistrationTest" time="0.001"/>
  <testcase name="givenLastName_whenContainsNumerics_shouldReturnFalse[19]" classname="com.bridgelabz.UserRegistrationTest" time="0.0"/>
  <testcase name="givenLastName_whenShort_shouldReturnFalse[19]" classname="com.bridgelabz.UserRegistrationTest" time="0.0"/>
  <testcase name="givenLastName_whenMatchesPattern_shouldReturnTrue[20]" classname="com.bridgelabz.UserRegistrationTest" time="0.0"/>
  <testcase name="givenLastName_whenStartsWithLoweCase_shouldReturnFalse[20]" classname="com.bridgelabz.UserRegistrationTest" time="0.0"/>
  <testcase name="givenFirstName_whenShort_shouldReturnFalse[20]" classname="com.bridgelabz.UserRegistrationTest" time="0.0"/>
  <testcase name="givenLastName_whenContainsCapsOtherThanStart_shouldReturnFalse[20]" classname="com.bridgelabz.UserRegistrationTest" time="0.001"/>
  <testcase name="givenLastName_whenContainsSpecialCharacters_shouldReturnFalse[20]" classname="com.bridgelabz.UserRegistrationTest" time="0.0"/>
  <testcase name="givenFirstName_whenContainsCapsOtherThanStart_shouldReturnFalse[20]" classname="com.bridgelabz.UserRegistrationTest" time="0.0"/>
  <testcase name="givenFirstName_matchesThePattern_shouldReturnTrue[20]" classname="com.bridgelabz.UserRegistrationTest" time="0.001"/>
  <testcase name="givenFirstName_whenStartNotInCAP_shouldReturnFalse[20]" classname="com.bridgelabz.UserRegistrationTest" time="0.001"/>
  <testcase name="givenEmail_shouldReturnResultAsExpected[20]" classname="com.bridgelabz.UserRegistrationTest" time="0.0"/>
  <testcase name="givenFirstName_whenContainsNumeric_shouldReturnFalse[20]" classname="com.bridgelabz.UserRegistrationTest" time="0.001"/>
  <testcase name="givenFirstName_whenContainsSpecialCharacters_shouldReturnFalse[20]" classname="com.bridgelabz.UserRegistrationTest" time="0.0"/>
  <testcase name="givenLastName_whenContainsNumerics_shouldReturnFalse[20]" classname="com.bridgelabz.UserRegistrationTest" time="0.0"/>
  <testcase name="givenLastName_whenShort_shouldReturnFalse[20]" classname="com.bridgelabz.UserRegistrationTest" time="0.001"/>
  <testcase name="givenLastName_whenMatchesPattern_shouldReturnTrue[21]" classname="com.bridgelabz.UserRegistrationTest" time="0.0"/>
  <testcase name="givenLastName_whenStartsWithLoweCase_shouldReturnFalse[21]" classname="com.bridgelabz.UserRegistrationTest" time="0.0"/>
  <testcase name="givenFirstName_whenShort_shouldReturnFalse[21]" classname="com.bridgelabz.UserRegistrationTest" time="0.0"/>
  <testcase name="givenLastName_whenContainsCapsOtherThanStart_shouldReturnFalse[21]" classname="com.bridgelabz.UserRegistrationTest" time="0.0"/>
  <testcase name="givenLastName_whenContainsSpecialCharacters_shouldReturnFalse[21]" classname="com.bridgelabz.UserRegistrationTest" time="0.0"/>
  <testcase name="givenFirstName_whenContainsCapsOtherThanStart_shouldReturnFalse[21]" classname="com.bridgelabz.UserRegistrationTest" time="0.0"/>
  <testcase name="givenFirstName_matchesThePattern_shouldReturnTrue[21]" classname="com.bridgelabz.UserRegistrationTest" time="0.0"/>
  <testcase name="givenFirstName_whenStartNotInCAP_shouldReturnFalse[21]" classname="com.bridgelabz.UserRegistrationTest" time="0.0"/>
  <testcase name="givenEmail_shouldReturnResultAsExpected[21]" classname="com.bridgelabz.UserRegistrationTest" time="0.0"/>
  <testcase name="givenFirstName_whenContainsNumeric_shouldReturnFalse[21]" classname="com.bridgelabz.UserRegistrationTest" time="0.001"/>
  <testcase name="givenFirstName_whenContainsSpecialCharacters_shouldReturnFalse[21]" classname="com.bridgelabz.UserRegistrationTest" time="0.0"/>
  <testcase name="givenLastName_whenContainsNumerics_shouldReturnFalse[21]" classname="com.bridgelabz.UserRegistrationTest" time="0.001"/>
  <testcase name="givenLastName_whenShort_shouldReturnFalse[21]" classname="com.bridgelabz.UserRegistrationTest" time="0.0"/>
  <system-out><![CDATA[]]></system-out>
  <system-err><![CDATA[]]></system-err>
</testsuite>
