<?xml version="1.0" encoding="UTF-8"?>
<testsuite name="com.bridgelabz.UserRegistrationTest" tests="1" skipped="0" failures="0" errors="0" timestamp="2020-06-19T01:43:56" hostname="CONSANGUINITY" time="0.003">
  <properties/>
  <testcase name="givenLastName_whenMatchesPattern_shouldReturnTrue" classname="com.bridgelabz.UserRegistrationTest" time="0.003"/>
  <system-out><![CDATA[]]></system-out>
  <system-err><![CDATA[]]></system-err>
</testsuite>
